Using pre-set license
Built from '2020.3/staging' branch; Version is '2020.3.9f1 (108be757e447) revision 1084391'; Using compiler version '192528614'; Build Type 'Release'
OS: 'Windows 10 Enterprise; OS build 19042.985; Version 2009; 64bit' Language: 'en' Physical Memory: 7952 MB
BatchMode: 1, IsHumanControllingUs: 0, StartBugReporterOnCrash: 0, Is64bit: 1, IsPro: 0

 COMMAND LINE ARGUMENTS:
C:\Program Files\Unity\Hub\Editor\2020.3.9f1\Editor\Unity.exe
-adb2
-batchMode
-noUpm
-name
AssetImportWorker51
-projectPath
C:/Users/harshit.f.agarwal/OneDrive - Accenture/Unity Projects/Battle Tank/battle-tank-game
-logFile
Logs/AssetImportWorker51.log
-srvPort
56164
Successfully changed project path to: C:/Users/harshit.f.agarwal/OneDrive - Accenture/Unity Projects/Battle Tank/battle-tank-game
C:/Users/harshit.f.agarwal/OneDrive - Accenture/Unity Projects/Battle Tank/battle-tank-game
Using Asset Import Pipeline V2.
Refreshing native plugins compatible for Editor in 365.41 ms, found 0 plugins.
Preloading 0 native plugins for Editor in 0.00 ms.
Initialize engine version: 2020.3.9f1 (108be757e447)
[Subsystems] Discovering subsystems at path C:/Program Files/Unity/Hub/Editor/2020.3.9f1/Editor/Data/Resources/UnitySubsystems
[Subsystems] Discovering subsystems at path C:/Users/harshit.f.agarwal/OneDrive - Accenture/Unity Projects/Battle Tank/battle-tank-game/Assets
GfxDevice: creating device client; threaded=0
Direct3D:
    Version:  Direct3D 11.0 [level 11.1]
    Renderer: Intel(R) UHD Graphics (ID=0x9b41)
    Vendor:   
    VRAM:     3976 MB
    Driver:   27.20.100.8935
Initialize mono
Mono path[0] = 'C:/Program Files/Unity/Hub/Editor/2020.3.9f1/Editor/Data/Managed'
Mono path[1] = 'C:/Program Files/Unity/Hub/Editor/2020.3.9f1/Editor/Data/MonoBleedingEdge/lib/mono/unityjit'
Mono config path = 'C:/Program Files/Unity/Hub/Editor/2020.3.9f1/Editor/Data/MonoBleedingEdge/etc'
Using monoOptions --debugger-agent=transport=dt_socket,embedding=1,server=y,suspend=n,address=127.0.0.1:56420
Begin MonoManager ReloadAssembly
Registering precompiled unity dll's ...
Register platform support module: C:/Program Files/Unity/Hub/Editor/2020.3.9f1/Editor/Data/PlaybackEngines/WebGLSupport/UnityEditor.WebGL.Extensions.dll
Register platform support module: C:/Program Files/Unity/Hub/Editor/2020.3.9f1/Editor/Data/PlaybackEngines/WindowsStandaloneSupport/UnityEditor.WindowsStandalone.Extensions.dll
Registered in 0.015073 seconds.
Native extension for WindowsStandalone target not found
Native extension for WebGL target not found
Refreshing native plugins compatible for Editor in 69.61 ms, found 0 plugins.
Preloading 0 native plugins for Editor in 0.00 ms.
Mono: successfully reloaded assembly
- Completed reload, in 16.937 seconds
Platform modules already initialized, skipping
Registering precompiled user dll's ...
Registered in 0.016888 seconds.
Begin MonoManager ReloadAssembly
Native extension for WindowsStandalone target not found
Native extension for WebGL target not found
Refreshing native plugins compatible for Editor in 2.34 ms, found 0 plugins.
Preloading 0 native plugins for Editor in 0.00 ms.
Mono: successfully reloaded assembly
- Completed reload, in  2.009 seconds
Platform modules already initialized, skipping
========================================================================
Worker process is ready to serve import requests
Launched and connected shader compiler UnityShaderCompiler.exe after 0.40 seconds
Refreshing native plugins compatible for Editor in 0.85 ms, found 0 plugins.
Preloading 0 native plugins for Editor in 0.00 ms.
Unloading 1883 Unused Serialized files (Serialized files now loaded: 0)
System memory in use before: 88.4 MB.
System memory in use after: 88.5 MB.

Unloading 49 unused Assets to reduce memory usage. Loaded Objects now: 2300.
Total: 8.932700 ms (FindLiveObjects: 0.291400 ms CreateObjectMapping: 0.102000 ms MarkObjects: 8.405100 ms  DeleteObjects: 0.131600 ms)

========================================================================
Received Import Request.
  path: Assets/Prefabs/Shell.prefab
  artifactKey: Guid(74813d0f2fb0670439ea9c51346d6a75) Importer(815301076,1909f56bfc062723c751e8b465ee728b)
Start importing Assets/Prefabs/Shell.prefab using Guid(74813d0f2fb0670439ea9c51346d6a75) Importer(815301076,1909f56bfc062723c751e8b465ee728b)  -> (artifact id: '13abce2360d7dbb8de8a0df61c12576d') in 0.258105 seconds
  Import took 0.268722 seconds .

========================================================================
Received Import Request.
  Time since last request: 9606.046485 seconds.
  path: Assets/Scripts/Tank/TankShooting.cs
  artifactKey: Guid(06b38fa3f5188f6419ab17bc1669c18c) Importer(815301076,1909f56bfc062723c751e8b465ee728b)
Start importing Assets/Scripts/Tank/TankShooting.cs using Guid(06b38fa3f5188f6419ab17bc1669c18c) Importer(815301076,1909f56bfc062723c751e8b465ee728b)  -> (artifact id: 'a83b16283913dbeb995c14d932593d03') in 0.639352 seconds
  Import took 1.319553 seconds .

========================================================================
Received Import Request.
  Time since last request: 957.770691 seconds.
  path: Assets/Scripts/Tank/TankShooting.cs
  artifactKey: Guid(06b38fa3f5188f6419ab17bc1669c18c) Importer(815301076,1909f56bfc062723c751e8b465ee728b)
Start importing Assets/Scripts/Tank/TankShooting.cs using Guid(06b38fa3f5188f6419ab17bc1669c18c) Importer(815301076,1909f56bfc062723c751e8b465ee728b)  -> (artifact id: 'df85fee8de68e29ce58d6feaf79c7b0b') in 0.043723 seconds
  Import took 0.130948 seconds .

========================================================================
Received Prepare
Registering precompiled user dll's ...
Registered in 0.066699 seconds.
Begin MonoManager ReloadAssembly
Native extension for WindowsStandalone target not found
Native extension for WebGL target not found
Refreshing native plugins compatible for Editor in 1.17 ms, found 0 plugins.
Preloading 0 native plugins for Editor in 0.00 ms.
Mono: successfully reloaded assembly
- Completed reload, in  4.193 seconds
Platform modules already initialized, skipping
Refreshing native plugins compatible for Editor in 1.61 ms, found 0 plugins.
Preloading 0 native plugins for Editor in 0.00 ms.
Unloading 1830 Unused Serialized files (Serialized files now loaded: 0)
System memory in use before: 86.9 MB.
System memory in use after: 87.0 MB.

Unloading 42 unused Assets to reduce memory usage. Loaded Objects now: 2311.
Total: 24.484900 ms (FindLiveObjects: 1.380800 ms CreateObjectMapping: 0.231700 ms MarkObjects: 21.118800 ms  DeleteObjects: 1.745600 ms)

========================================================================
Received Prepare
Registering precompiled user dll's ...
Registered in 0.013866 seconds.
Begin MonoManager ReloadAssembly
Native extension for WindowsStandalone target not found
Native extension for WebGL target not found
Refreshing native plugins compatible for Editor in 1.04 ms, found 0 plugins.
Preloading 0 native plugins for Editor in 0.00 ms.
Mono: successfully reloaded assembly
- Completed reload, in  2.722 seconds
Platform modules already initialized, skipping
Refreshing native plugins compatible for Editor in 1.11 ms, found 0 plugins.
Preloading 0 native plugins for Editor in 0.00 ms.
Unloading 1830 Unused Serialized files (Serialized files now loaded: 0)
System memory in use before: 86.9 MB.
System memory in use after: 87.0 MB.

Unloading 40 unused Assets to reduce memory usage. Loaded Objects now: 2314.
Total: 20.575900 ms (FindLiveObjects: 0.671300 ms CreateObjectMapping: 0.244400 ms MarkObjects: 19.558200 ms  DeleteObjects: 0.096700 ms)

========================================================================
Received Prepare
Registering precompiled user dll's ...
Registered in 0.025236 seconds.
Begin MonoManager ReloadAssembly
Native extension for WindowsStandalone target not found
Native extension for WebGL target not found
Refreshing native plugins compatible for Editor in 1.06 ms, found 0 plugins.
Preloading 0 native plugins for Editor in 0.00 ms.
Mono: successfully reloaded assembly
- Completed reload, in  2.328 seconds
Platform modules already initialized, skipping
Refreshing native plugins compatible for Editor in 0.97 ms, found 0 plugins.
Preloading 0 native plugins for Editor in 0.00 ms.
Unloading 1830 Unused Serialized files (Serialized files now loaded: 0)
System memory in use before: 86.9 MB.
System memory in use after: 87.0 MB.

Unloading 40 unused Assets to reduce memory usage. Loaded Objects now: 2317.
Total: 10.818000 ms (FindLiveObjects: 0.314100 ms CreateObjectMapping: 0.096200 ms MarkObjects: 10.107400 ms  DeleteObjects: 0.298000 ms)

========================================================================
Received Prepare
Registering precompiled user dll's ...
Registered in 0.021899 seconds.
Begin MonoManager ReloadAssembly
Native extension for WindowsStandalone target not found
Native extension for WebGL target not found
Refreshing native plugins compatible for Editor in 1.58 ms, found 0 plugins.
Preloading 0 native plugins for Editor in 0.00 ms.
Mono: successfully reloaded assembly
- Completed reload, in  2.820 seconds
Platform modules already initialized, skipping
Refreshing native plugins compatible for Editor in 2.12 ms, found 0 plugins.
Preloading 0 native plugins for Editor in 0.00 ms.
Unloading 1830 Unused Serialized files (Serialized files now loaded: 0)
System memory in use before: 86.9 MB.
System memory in use after: 87.0 MB.

Unloading 40 unused Assets to reduce memory usage. Loaded Objects now: 2320.
Total: 12.502800 ms (FindLiveObjects: 0.247700 ms CreateObjectMapping: 0.096000 ms MarkObjects: 12.087500 ms  DeleteObjects: 0.069600 ms)

========================================================================
Received Prepare
Registering precompiled user dll's ...
Registered in 0.049466 seconds.
Begin MonoManager ReloadAssembly
Native extension for WindowsStandalone target not found
Native extension for WebGL target not found
Refreshing native plugins compatible for Editor in 0.86 ms, found 0 plugins.
Preloading 0 native plugins for Editor in 0.00 ms.
Mono: successfully reloaded assembly
- Completed reload, in  2.654 seconds
Platform modules already initialized, skipping
Refreshing native plugins compatible for Editor in 0.85 ms, found 0 plugins.
Preloading 0 native plugins for Editor in 0.00 ms.
Unloading 1830 Unused Serialized files (Serialized files now loaded: 0)
System memory in use before: 86.9 MB.
System memory in use after: 87.0 MB.

Unloading 40 unused Assets to reduce memory usage. Loaded Objects now: 2323.
Total: 9.209600 ms (FindLiveObjects: 0.256500 ms CreateObjectMapping: 0.098200 ms MarkObjects: 8.810400 ms  DeleteObjects: 0.042300 ms)

========================================================================
Received Prepare
Registering precompiled user dll's ...
Registered in 0.029017 seconds.
Begin MonoManager ReloadAssembly
Native extension for WindowsStandalone target not found
Native extension for WebGL target not found
Refreshing native plugins compatible for Editor in 0.85 ms, found 0 plugins.
Preloading 0 native plugins for Editor in 0.00 ms.
Mono: successfully reloaded assembly
- Completed reload, in  2.421 seconds
Platform modules already initialized, skipping
Refreshing native plugins compatible for Editor in 1.28 ms, found 0 plugins.
Preloading 0 native plugins for Editor in 0.00 ms.
Unloading 1830 Unused Serialized files (Serialized files now loaded: 0)
System memory in use before: 86.9 MB.
System memory in use after: 87.1 MB.

Unloading 40 unused Assets to reduce memory usage. Loaded Objects now: 2326.
Total: 8.133400 ms (FindLiveObjects: 0.238700 ms CreateObjectMapping: 0.092100 ms MarkObjects: 7.756800 ms  DeleteObjects: 0.043600 ms)

========================================================================
Received Prepare
Registering precompiled user dll's ...
Registered in 0.124940 seconds.
Begin MonoManager ReloadAssembly
Native extension for WindowsStandalone target not found
Native extension for WebGL target not found
Refreshing native plugins compatible for Editor in 1.54 ms, found 0 plugins.
Preloading 0 native plugins for Editor in 0.00 ms.
Mono: successfully reloaded assembly
- Completed reload, in  3.139 seconds
Platform modules already initialized, skipping
Refreshing native plugins compatible for Editor in 0.87 ms, found 0 plugins.
Preloading 0 native plugins for Editor in 0.00 ms.
Unloading 1830 Unused Serialized files (Serialized files now loaded: 0)
System memory in use before: 86.9 MB.
System memory in use after: 87.1 MB.

Unloading 40 unused Assets to reduce memory usage. Loaded Objects now: 2329.
Total: 16.282000 ms (FindLiveObjects: 1.062500 ms CreateObjectMapping: 0.487700 ms MarkObjects: 14.596400 ms  DeleteObjects: 0.130100 ms)

========================================================================
Received Prepare
Registering precompiled user dll's ...
Registered in 0.035421 seconds.
Begin MonoManager ReloadAssembly
Native extension for WindowsStandalone target not found
Native extension for WebGL target not found
Refreshing native plugins compatible for Editor in 4.95 ms, found 0 plugins.
Preloading 0 native plugins for Editor in 0.00 ms.
Mono: successfully reloaded assembly
- Completed reload, in  3.328 seconds
Platform modules already initialized, skipping
Refreshing native plugins compatible for Editor in 1.40 ms, found 0 plugins.
Preloading 0 native plugins for Editor in 0.00 ms.
Unloading 1830 Unused Serialized files (Serialized files now loaded: 0)
System memory in use before: 87.0 MB.
System memory in use after: 87.1 MB.

Unloading 40 unused Assets to reduce memory usage. Loaded Objects now: 2332.
Total: 22.669400 ms (FindLiveObjects: 0.695300 ms CreateObjectMapping: 0.343700 ms MarkObjects: 21.565000 ms  DeleteObjects: 0.060300 ms)

========================================================================
Received Import Request.
  Time since last request: 2276.714291 seconds.
  path: Assets/Scripts/Managers
  artifactKey: Guid(6cc27d206e06258438dbc4bb795885b9) Importer(815301076,1909f56bfc062723c751e8b465ee728b)
Start importing Assets/Scripts/Managers using Guid(6cc27d206e06258438dbc4bb795885b9) Importer(815301076,1909f56bfc062723c751e8b465ee728b)  -> (artifact id: '27eb5a8277bb22384e82f508963618dd') in 0.047369 seconds
  Import took 0.063594 seconds .

========================================================================
Received Import Request.
  Time since last request: 3.016373 seconds.
  path: Assets/Scripts/Managers/GameManager.cs
  artifactKey: Guid(18e521b6f8588c44f9e68c769421eb47) Importer(815301076,1909f56bfc062723c751e8b465ee728b)
Start importing Assets/Scripts/Managers/GameManager.cs using Guid(18e521b6f8588c44f9e68c769421eb47) Importer(815301076,1909f56bfc062723c751e8b465ee728b)  -> (artifact id: 'be163ebe4356103073512b2eeb19e8f7') in 0.035681 seconds
  Import took 0.047847 seconds .

========================================================================
Received Import Request.
  Time since last request: 0.045638 seconds.
  path: Assets/Scripts/Managers/GameManager.cs
  artifactKey: Guid(18e521b6f8588c44f9e68c769421eb47) Importer(815301076,1909f56bfc062723c751e8b465ee728b)
Start importing Assets/Scripts/Managers/GameManager.cs using Guid(18e521b6f8588c44f9e68c769421eb47) Importer(815301076,1909f56bfc062723c751e8b465ee728b)  -> (artifact id: 'be163ebe4356103073512b2eeb19e8f7') in 0.014814 seconds
  Import took 0.030191 seconds .

========================================================================
Received Import Request.
  Time since last request: 2.767869 seconds.
  path: Assets/Scripts/Managers/TankManager.cs
  artifactKey: Guid(1be963428ec33174f88161c5980f3faa) Importer(815301076,1909f56bfc062723c751e8b465ee728b)
Start importing Assets/Scripts/Managers/TankManager.cs using Guid(1be963428ec33174f88161c5980f3faa) Importer(815301076,1909f56bfc062723c751e8b465ee728b)  -> (artifact id: 'bca9b4e4f83ebef9a5f3b0360e1850d5') in 0.017630 seconds
  Import took 0.032532 seconds .

========================================================================
Received Import Request.
  Time since last request: 0.001169 seconds.
  path: Assets/Scripts/Managers/TankManager.cs
  artifactKey: Guid(1be963428ec33174f88161c5980f3faa) Importer(815301076,1909f56bfc062723c751e8b465ee728b)
Start importing Assets/Scripts/Managers/TankManager.cs using Guid(1be963428ec33174f88161c5980f3faa) Importer(815301076,1909f56bfc062723c751e8b465ee728b)  -> (artifact id: 'bca9b4e4f83ebef9a5f3b0360e1850d5') in 0.011404 seconds
  Import took 0.032374 seconds .

========================================================================
Received Prepare
Registering precompiled user dll's ...
Registered in 0.073822 seconds.
Begin MonoManager ReloadAssembly
Native extension for WindowsStandalone target not found
Native extension for WebGL target not found
Refreshing native plugins compatible for Editor in 1.08 ms, found 0 plugins.
Preloading 0 native plugins for Editor in 0.00 ms.
Mono: successfully reloaded assembly
- Completed reload, in  4.653 seconds
Platform modules already initialized, skipping
Refreshing native plugins compatible for Editor in 1.27 ms, found 0 plugins.
Preloading 0 native plugins for Editor in 0.00 ms.
Unloading 1830 Unused Serialized files (Serialized files now loaded: 0)
System memory in use before: 87.0 MB.
System memory in use after: 87.1 MB.

Unloading 40 unused Assets to reduce memory usage. Loaded Objects now: 2335.
Total: 12.791800 ms (FindLiveObjects: 0.315600 ms CreateObjectMapping: 0.110000 ms MarkObjects: 12.302300 ms  DeleteObjects: 0.061300 ms)

========================================================================
Received Import Request.
  Time since last request: 1685.397478 seconds.
  path: Assets/Scripts/Managers/GameManager.cs
  artifactKey: Guid(18e521b6f8588c44f9e68c769421eb47) Importer(815301076,1909f56bfc062723c751e8b465ee728b)
Start importing Assets/Scripts/Managers/GameManager.cs using Guid(18e521b6f8588c44f9e68c769421eb47) Importer(815301076,1909f56bfc062723c751e8b465ee728b)  -> (artifact id: 'ece550bd4f8f649b9826ebf92ce1a957') in 0.030137 seconds
  Import took 0.039785 seconds .

========================================================================
Received Prepare
Registering precompiled user dll's ...
Registered in 0.036035 seconds.
Begin MonoManager ReloadAssembly
Native extension for WindowsStandalone target not found
Native extension for WebGL target not found
Refreshing native plugins compatible for Editor in 1.06 ms, found 0 plugins.
Preloading 0 native plugins for Editor in 0.00 ms.
Mono: successfully reloaded assembly
- Completed reload, in  2.217 seconds
Platform modules already initialized, skipping
Refreshing native plugins compatible for Editor in 1.12 ms, found 0 plugins.
Preloading 0 native plugins for Editor in 0.00 ms.
Unloading 1830 Unused Serialized files (Serialized files now loaded: 0)
System memory in use before: 87.0 MB.
System memory in use after: 87.1 MB.

Unloading 40 unused Assets to reduce memory usage. Loaded Objects now: 2338.
Total: 8.298100 ms (FindLiveObjects: 0.294200 ms CreateObjectMapping: 0.096300 ms MarkObjects: 7.861500 ms  DeleteObjects: 0.043400 ms)

========================================================================
Received Import Request.
  Time since last request: 233.286636 seconds.
  path: Assets/Prefabs/Tank.prefab
  artifactKey: Guid(cd194fa308620ba49a883ab00a7c2ab2) Importer(815301076,1909f56bfc062723c751e8b465ee728b)
Start importing Assets/Prefabs/Tank.prefab using Guid(cd194fa308620ba49a883ab00a7c2ab2) Importer(815301076,1909f56bfc062723c751e8b465ee728b)  -> (artifact id: '0ba5bad5d54a0ce50a043077b91d8e84') in 0.275685 seconds
  Import took 0.285429 seconds .

========================================================================
Received Import Request.
  Time since last request: 0.000672 seconds.
  path: Assets/Scripts/Managers/GameManager.cs
  artifactKey: Guid(18e521b6f8588c44f9e68c769421eb47) Importer(815301076,1909f56bfc062723c751e8b465ee728b)
Start importing Assets/Scripts/Managers/GameManager.cs using Guid(18e521b6f8588c44f9e68c769421eb47) Importer(815301076,1909f56bfc062723c751e8b465ee728b)  -> (artifact id: 'fda6c28d7ae759c7656dcf30e9bf3db8') in 0.007552 seconds
  Import took 0.016547 seconds .

========================================================================
Received Prepare
Registering precompiled user dll's ...
Registered in 0.141569 seconds.
Begin MonoManager ReloadAssembly
Native extension for WindowsStandalone target not found
Native extension for WebGL target not found
Refreshing native plugins compatible for Editor in 0.97 ms, found 0 plugins.
Preloading 0 native plugins for Editor in 0.00 ms.
Mono: successfully reloaded assembly
- Completed reload, in  3.017 seconds
Platform modules already initialized, skipping
Refreshing native plugins compatible for Editor in 1.08 ms, found 0 plugins.
Preloading 0 native plugins for Editor in 0.00 ms.
Unloading 1830 Unused Serialized files (Serialized files now loaded: 0)
System memory in use before: 87.0 MB.
System memory in use after: 87.1 MB.

Unloading 40 unused Assets to reduce memory usage. Loaded Objects now: 2342.
Total: 20.854100 ms (FindLiveObjects: 0.528800 ms CreateObjectMapping: 0.142600 ms MarkObjects: 19.641900 ms  DeleteObjects: 0.532300 ms)

========================================================================
Received Prepare
Registering precompiled user dll's ...
Registered in 0.061458 seconds.
Begin MonoManager ReloadAssembly
Native extension for WindowsStandalone target not found
Native extension for WebGL target not found
Refreshing native plugins compatible for Editor in 0.81 ms, found 0 plugins.
Preloading 0 native plugins for Editor in 0.00 ms.
Mono: successfully reloaded assembly
- Completed reload, in  2.565 seconds
Platform modules already initialized, skipping
Refreshing native plugins compatible for Editor in 0.94 ms, found 0 plugins.
Preloading 0 native plugins for Editor in 0.00 ms.
Unloading 1830 Unused Serialized files (Serialized files now loaded: 0)
System memory in use before: 87.0 MB.
System memory in use after: 87.1 MB.

Unloading 40 unused Assets to reduce memory usage. Loaded Objects now: 2345.
Total: 9.232700 ms (FindLiveObjects: 0.354400 ms CreateObjectMapping: 0.119000 ms MarkObjects: 8.657500 ms  DeleteObjects: 0.093400 ms)

========================================================================
Received Prepare
Registering precompiled user dll's ...
Registered in 0.017946 seconds.
Begin MonoManager ReloadAssembly
Native extension for WindowsStandalone target not found
Native extension for WebGL target not found
Refreshing native plugins compatible for Editor in 1.67 ms, found 0 plugins.
Preloading 0 native plugins for Editor in 0.00 ms.
Mono: successfully reloaded assembly
- Completed reload, in  2.483 seconds
Platform modules already initialized, skipping
Refreshing native plugins compatible for Editor in 2.18 ms, found 0 plugins.
Preloading 0 native plugins for Editor in 0.00 ms.
Unloading 1830 Unused Serialized files (Serialized files now loaded: 0)
System memory in use before: 87.0 MB.
System memory in use after: 87.1 MB.

Unloading 40 unused Assets to reduce memory usage. Loaded Objects now: 2348.
Total: 15.146100 ms (FindLiveObjects: 0.465900 ms CreateObjectMapping: 0.241400 ms MarkObjects: 14.361200 ms  DeleteObjects: 0.074600 ms)

========================================================================
Received Import Request.
  Time since last request: 6350.746400 seconds.
  path: Assets/Models/Audio Mixers
  artifactKey: Guid(919ad1bb8b5af9648acdc147a6b2eff3) Importer(815301076,1909f56bfc062723c751e8b465ee728b)
Start importing Assets/Models/Audio Mixers using Guid(919ad1bb8b5af9648acdc147a6b2eff3) Importer(815301076,1909f56bfc062723c751e8b465ee728b)  -> (artifact id: '1e907ef18cb01e38431d49fe3447594f') in 0.047296 seconds
  Import took 0.059324 seconds .

========================================================================
Received Import Request.
  Time since last request: 21.774534 seconds.
  path: Assets/Models/Audio Mixers/NewAudioMixer.mixer
  artifactKey: Guid(44e52622f115d654ea91616dc57e6ab1) Importer(815301076,1909f56bfc062723c751e8b465ee728b)
Start importing Assets/Models/Audio Mixers/NewAudioMixer.mixer using Guid(44e52622f115d654ea91616dc57e6ab1) Importer(815301076,1909f56bfc062723c751e8b465ee728b)  -> (artifact id: 'f7c1b4cc8b114d3f02c6dd132bce1498') in 0.077436 seconds
  Import took 0.085883 seconds .

========================================================================
Received Import Request.
  Time since last request: 6.406337 seconds.
  path: Assets/Models/Audio Mixers/MainMix.mixer
  artifactKey: Guid(44e52622f115d654ea91616dc57e6ab1) Importer(815301076,1909f56bfc062723c751e8b465ee728b)
Start importing Assets/Models/Audio Mixers/MainMix.mixer using Guid(44e52622f115d654ea91616dc57e6ab1) Importer(815301076,1909f56bfc062723c751e8b465ee728b)  -> (artifact id: '6004460472483914552c220f3e44e080') in 0.032404 seconds
  Import took 0.040212 seconds .

========================================================================
Received Import Request.
  Time since last request: 72.181583 seconds.
  path: Assets/Models/Audio Mixers/MainMix.mixer
  artifactKey: Guid(44e52622f115d654ea91616dc57e6ab1) Importer(815301076,1909f56bfc062723c751e8b465ee728b)
Start importing Assets/Models/Audio Mixers/MainMix.mixer using Guid(44e52622f115d654ea91616dc57e6ab1) Importer(815301076,1909f56bfc062723c751e8b465ee728b)  -> (artifact id: '42b7f3f4c8e6db012f24ec5e5fd7d5cf') in 0.031587 seconds
  Import took 0.038055 seconds .

========================================================================
Received Import Request.
  Time since last request: 0.221948 seconds.
  path: Assets/Models/Audio Mixers/MainMix.mixer
  artifactKey: Guid(44e52622f115d654ea91616dc57e6ab1) Importer(815301076,1909f56bfc062723c751e8b465ee728b)
Start importing Assets/Models/Audio Mixers/MainMix.mixer using Guid(44e52622f115d654ea91616dc57e6ab1) Importer(815301076,1909f56bfc062723c751e8b465ee728b)  -> (artifact id: '42b7f3f4c8e6db012f24ec5e5fd7d5cf') in 0.018697 seconds
  Import took 0.029931 seconds .

========================================================================
Received Import Request.
  Time since last request: 7.210588 seconds.
  path: Assets/Models/Audio Mixers/MainMix.mixer
  artifactKey: Guid(44e52622f115d654ea91616dc57e6ab1) Importer(815301076,1909f56bfc062723c751e8b465ee728b)
Start importing Assets/Models/Audio Mixers/MainMix.mixer using Guid(44e52622f115d654ea91616dc57e6ab1) Importer(815301076,1909f56bfc062723c751e8b465ee728b)  -> (artifact id: 'e6fc0a925fd3a598fc3fd76ce50c97db') in 0.013066 seconds
  Import took 0.018869 seconds .

========================================================================
Received Import Request.
  Time since last request: 10.361083 seconds.
  path: Assets/Models/Audio Mixers/MainMix.mixer
  artifactKey: Guid(44e52622f115d654ea91616dc57e6ab1) Importer(815301076,1909f56bfc062723c751e8b465ee728b)
Start importing Assets/Models/Audio Mixers/MainMix.mixer using Guid(44e52622f115d654ea91616dc57e6ab1) Importer(815301076,1909f56bfc062723c751e8b465ee728b)  -> (artifact id: 'fb0e608249c99b22ba0c6a0d5cd895f4') in 0.010224 seconds
  Import took 0.014982 seconds .

========================================================================
Received Import Request.
  Time since last request: 0.026230 seconds.
  path: Assets/Models/Audio Mixers/MainMix.mixer
  artifactKey: Guid(44e52622f115d654ea91616dc57e6ab1) Importer(815301076,1909f56bfc062723c751e8b465ee728b)
Start importing Assets/Models/Audio Mixers/MainMix.mixer using Guid(44e52622f115d654ea91616dc57e6ab1) Importer(815301076,1909f56bfc062723c751e8b465ee728b)  -> (artifact id: 'fb0e608249c99b22ba0c6a0d5cd895f4') in 0.014855 seconds
  Import took 0.019152 seconds .

========================================================================
Received Import Request.
  Time since last request: 4.002616 seconds.
  path: Assets/Models/Audio Mixers/MainMix.mixer
  artifactKey: Guid(44e52622f115d654ea91616dc57e6ab1) Importer(815301076,1909f56bfc062723c751e8b465ee728b)
Start importing Assets/Models/Audio Mixers/MainMix.mixer using Guid(44e52622f115d654ea91616dc57e6ab1) Importer(815301076,1909f56bfc062723c751e8b465ee728b)  -> (artifact id: 'd54c3b4756fa1660001becfb030c626a') in 0.014502 seconds
  Import took 0.028984 seconds .

========================================================================
Received Import Request.
  Time since last request: 4.803444 seconds.
  path: Assets/Models/Audio Mixers/MainMix.mixer
  artifactKey: Guid(44e52622f115d654ea91616dc57e6ab1) Importer(815301076,1909f56bfc062723c751e8b465ee728b)
Start importing Assets/Models/Audio Mixers/MainMix.mixer using Guid(44e52622f115d654ea91616dc57e6ab1) Importer(815301076,1909f56bfc062723c751e8b465ee728b)  -> (artifact id: '565b0a947805777d434f4c7d411afd29') in 0.009835 seconds
  Import took 0.019957 seconds .

========================================================================
Received Import Request.
  Time since last request: 0.020142 seconds.
  path: Assets/Models/Audio Mixers/MainMix.mixer
  artifactKey: Guid(44e52622f115d654ea91616dc57e6ab1) Importer(815301076,1909f56bfc062723c751e8b465ee728b)
Start importing Assets/Models/Audio Mixers/MainMix.mixer using Guid(44e52622f115d654ea91616dc57e6ab1) Importer(815301076,1909f56bfc062723c751e8b465ee728b)  -> (artifact id: '565b0a947805777d434f4c7d411afd29') in 0.046004 seconds
  Import took 0.051698 seconds .

========================================================================
Received Import Request.
  Time since last request: 4.697533 seconds.
  path: Assets/Models/Audio Mixers/MainMix.mixer
  artifactKey: Guid(44e52622f115d654ea91616dc57e6ab1) Importer(815301076,1909f56bfc062723c751e8b465ee728b)
Start importing Assets/Models/Audio Mixers/MainMix.mixer using Guid(44e52622f115d654ea91616dc57e6ab1) Importer(815301076,1909f56bfc062723c751e8b465ee728b)  -> (artifact id: '4c6bff0fb2e9fd53c388543a138add87') in 0.073238 seconds
  Import took 0.079413 seconds .

========================================================================
Received Import Request.
  Time since last request: 66.696309 seconds.
  path: Assets/Prefabs/Tank.prefab
  artifactKey: Guid(cd194fa308620ba49a883ab00a7c2ab2) Importer(815301076,1909f56bfc062723c751e8b465ee728b)
Start importing Assets/Prefabs/Tank.prefab using Guid(cd194fa308620ba49a883ab00a7c2ab2) Importer(815301076,1909f56bfc062723c751e8b465ee728b)  -> (artifact id: 'a502322d752986186ecc9b16a2156ca7') in 0.279276 seconds
  Import took 0.285446 seconds .

========================================================================
Received Import Request.
  Time since last request: 8.095917 seconds.
  path: Assets/Prefabs/Tank.prefab
  artifactKey: Guid(cd194fa308620ba49a883ab00a7c2ab2) Importer(815301076,1909f56bfc062723c751e8b465ee728b)
Start importing Assets/Prefabs/Tank.prefab using Guid(cd194fa308620ba49a883ab00a7c2ab2) Importer(815301076,1909f56bfc062723c751e8b465ee728b)  -> (artifact id: '302e4f71e7c12afb2e2a9faece380ad2') in 0.101621 seconds
  Import took 0.113218 seconds .

========================================================================
Received Import Request.
  Time since last request: 54.422995 seconds.
  path: Assets/Materials/Explosion.mat
  artifactKey: Guid(87bf8b67d0a902842a3b617c1c75d6e5) Importer(815301076,1909f56bfc062723c751e8b465ee728b)
Start importing Assets/Materials/Explosion.mat using Guid(87bf8b67d0a902842a3b617c1c75d6e5) Importer(815301076,1909f56bfc062723c751e8b465ee728b)  -> (artifact id: '8d1e888d535882c1b8b3640636bd4990') in 0.115965 seconds
  Import took 0.121528 seconds .

========================================================================
Received Import Request.
  Time since last request: 49.118822 seconds.
  path: Assets/Prefabs/TankExplosion.prefab
  artifactKey: Guid(ee49a9a8678ecf8468eb488e1ac8d42b) Importer(815301076,1909f56bfc062723c751e8b465ee728b)
Start importing Assets/Prefabs/TankExplosion.prefab using Guid(ee49a9a8678ecf8468eb488e1ac8d42b) Importer(815301076,1909f56bfc062723c751e8b465ee728b)  -> (artifact id: 'a7594659fbd2061df876cf1dc9826935') in 0.065875 seconds
  Import took 0.078704 seconds .

========================================================================
Received Import Request.
  Time since last request: 38.047562 seconds.
  path: Assets/Models/Audio Mixers/MainMix.mixer
  artifactKey: Guid(44e52622f115d654ea91616dc57e6ab1) Importer(815301076,1909f56bfc062723c751e8b465ee728b)
Start importing Assets/Models/Audio Mixers/MainMix.mixer using Guid(44e52622f115d654ea91616dc57e6ab1) Importer(815301076,1909f56bfc062723c751e8b465ee728b)  -> (artifact id: '245f0a1cdfe77df6af326cfbc3979aff') in 0.034674 seconds
  Import took 0.044898 seconds .

========================================================================
Received Import Request.
  Time since last request: 0.021078 seconds.
  path: Assets/Models/Audio Mixers/MainMix.mixer
  artifactKey: Guid(44e52622f115d654ea91616dc57e6ab1) Importer(815301076,1909f56bfc062723c751e8b465ee728b)
Start importing Assets/Models/Audio Mixers/MainMix.mixer using Guid(44e52622f115d654ea91616dc57e6ab1) Importer(815301076,1909f56bfc062723c751e8b465ee728b)  -> (artifact id: '245f0a1cdfe77df6af326cfbc3979aff') in 0.015538 seconds
  Import took 0.024442 seconds .

========================================================================
Received Prepare
Registering precompiled user dll's ...
Registered in 0.017951 seconds.
Begin MonoManager ReloadAssembly
Native extension for WindowsStandalone target not found
Native extension for WebGL target not found
Refreshing native plugins compatible for Editor in 3.13 ms, found 0 plugins.
Preloading 0 native plugins for Editor in 0.00 ms.
Mono: successfully reloaded assembly
- Completed reload, in  7.844 seconds
Platform modules already initialized, skipping
Refreshing native plugins compatible for Editor in 2.28 ms, found 0 plugins.
Preloading 0 native plugins for Editor in 0.00 ms.
Unloading 1830 Unused Serialized files (Serialized files now loaded: 0)
System memory in use before: 87.4 MB.
System memory in use after: 87.6 MB.

Unloading 40 unused Assets to reduce memory usage. Loaded Objects now: 2385.
Total: 28.742100 ms (FindLiveObjects: 2.401700 ms CreateObjectMapping: 1.289000 ms MarkObjects: 24.936700 ms  DeleteObjects: 0.104200 ms)

========================================================================
Received Import Request.
  Time since last request: 4973.947405 seconds.
  path: Assets/Audio Mixers/MainMix.mixer
  artifactKey: Guid(44e52622f115d654ea91616dc57e6ab1) Importer(815301076,1909f56bfc062723c751e8b465ee728b)
Start importing Assets/Audio Mixers/MainMix.mixer using Guid(44e52622f115d654ea91616dc57e6ab1) Importer(815301076,1909f56bfc062723c751e8b465ee728b)  -> (artifact id: '5aabab8b461a7f2223dd6b99b3d82a27') in 0.172624 seconds
  Import took 0.237473 seconds .

========================================================================
Received Prepare
Registering precompiled user dll's ...
Registered in 0.017337 seconds.
Begin MonoManager ReloadAssembly
Native extension for WindowsStandalone target not found
Native extension for WebGL target not found
Refreshing native plugins compatible for Editor in 0.60 ms, found 0 plugins.
Preloading 0 native plugins for Editor in 0.00 ms.
Mono: successfully reloaded assembly
- Completed reload, in  2.189 seconds
Platform modules already initialized, skipping
Refreshing native plugins compatible for Editor in 1.16 ms, found 0 plugins.
Preloading 0 native plugins for Editor in 0.00 ms.
Unloading 1830 Unused Serialized files (Serialized files now loaded: 0)
System memory in use before: 87.4 MB.
System memory in use after: 87.6 MB.

Unloading 40 unused Assets to reduce memory usage. Loaded Objects now: 2388.
Total: 11.987100 ms (FindLiveObjects: 0.272500 ms CreateObjectMapping: 0.139600 ms MarkObjects: 11.149500 ms  DeleteObjects: 0.417700 ms)

