Using pre-set license
Built from '2020.3/staging' branch; Version is '2020.3.9f1 (108be757e447) revision 1084391'; Using compiler version '192528614'; Build Type 'Release'
OS: 'Windows 10 Enterprise; OS build 19042.985; Version 2009; 64bit' Language: 'en' Physical Memory: 7952 MB
BatchMode: 1, IsHumanControllingUs: 0, StartBugReporterOnCrash: 0, Is64bit: 1, IsPro: 0

 COMMAND LINE ARGUMENTS:
C:\Program Files\Unity\Hub\Editor\2020.3.9f1\Editor\Unity.exe
-adb2
-batchMode
-noUpm
-name
AssetImportWorker2
-projectPath
C:/Users/harshit.f.agarwal/OneDrive - Accenture/Unity Projects/Battle Tank/battle-tank-game
-logFile
Logs/AssetImportWorker2.log
-srvPort
50219
Successfully changed project path to: C:/Users/harshit.f.agarwal/OneDrive - Accenture/Unity Projects/Battle Tank/battle-tank-game
C:/Users/harshit.f.agarwal/OneDrive - Accenture/Unity Projects/Battle Tank/battle-tank-game
Using Asset Import Pipeline V2.
Refreshing native plugins compatible for Editor in 333.29 ms, found 0 plugins.
Preloading 0 native plugins for Editor in 0.00 ms.
Initialize engine version: 2020.3.9f1 (108be757e447)
[Subsystems] Discovering subsystems at path C:/Program Files/Unity/Hub/Editor/2020.3.9f1/Editor/Data/Resources/UnitySubsystems
[Subsystems] Discovering subsystems at path C:/Users/harshit.f.agarwal/OneDrive - Accenture/Unity Projects/Battle Tank/battle-tank-game/Assets
GfxDevice: creating device client; threaded=0
Direct3D:
    Version:  Direct3D 11.0 [level 11.1]
    Renderer: Intel(R) UHD Graphics (ID=0x9b41)
    Vendor:   
    VRAM:     3976 MB
    Driver:   27.20.100.8935
Initialize mono
Mono path[0] = 'C:/Program Files/Unity/Hub/Editor/2020.3.9f1/Editor/Data/Managed'
Mono path[1] = 'C:/Program Files/Unity/Hub/Editor/2020.3.9f1/Editor/Data/MonoBleedingEdge/lib/mono/unityjit'
Mono config path = 'C:/Program Files/Unity/Hub/Editor/2020.3.9f1/Editor/Data/MonoBleedingEdge/etc'
Using monoOptions --debugger-agent=transport=dt_socket,embedding=1,server=y,suspend=n,address=127.0.0.1:56688
Begin MonoManager ReloadAssembly
Registering precompiled unity dll's ...
Register platform support module: C:/Program Files/Unity/Hub/Editor/2020.3.9f1/Editor/Data/PlaybackEngines/WebGLSupport/UnityEditor.WebGL.Extensions.dll
Register platform support module: C:/Program Files/Unity/Hub/Editor/2020.3.9f1/Editor/Data/PlaybackEngines/WindowsStandaloneSupport/UnityEditor.WindowsStandalone.Extensions.dll
Registered in 0.013573 seconds.
Native extension for WindowsStandalone target not found
Native extension for WebGL target not found
Refreshing native plugins compatible for Editor in 67.56 ms, found 0 plugins.
Preloading 0 native plugins for Editor in 0.00 ms.
Mono: successfully reloaded assembly
- Completed reload, in 16.061 seconds
Platform modules already initialized, skipping
Registering precompiled user dll's ...
Registered in 0.018706 seconds.
Begin MonoManager ReloadAssembly
Native extension for WindowsStandalone target not found
Native extension for WebGL target not found
Refreshing native plugins compatible for Editor in 0.63 ms, found 0 plugins.
Preloading 0 native plugins for Editor in 0.00 ms.
Mono: successfully reloaded assembly
- Completed reload, in  1.759 seconds
Platform modules already initialized, skipping
========================================================================
Worker process is ready to serve import requests
Launched and connected shader compiler UnityShaderCompiler.exe after 0.32 seconds
Refreshing native plugins compatible for Editor in 1.65 ms, found 0 plugins.
Preloading 0 native plugins for Editor in 0.00 ms.
Unloading 1883 Unused Serialized files (Serialized files now loaded: 0)
System memory in use before: 88.1 MB.
System memory in use after: 88.2 MB.

Unloading 49 unused Assets to reduce memory usage. Loaded Objects now: 2298.
Total: 12.479000 ms (FindLiveObjects: 1.412200 ms CreateObjectMapping: 0.687400 ms MarkObjects: 10.231200 ms  DeleteObjects: 0.144500 ms)

========================================================================
Received Import Request.
  path: Assets/Scripts/Tank/TankMovement.cs
  artifactKey: Guid(29af3199e11b72e47b41ff380db540fd) Importer(815301076,1909f56bfc062723c751e8b465ee728b)
Start importing Assets/Scripts/Tank/TankMovement.cs using Guid(29af3199e11b72e47b41ff380db540fd) Importer(815301076,1909f56bfc062723c751e8b465ee728b)  -> (artifact id: '8df00760d5d402a46ab341cfd6e20ba4') in 0.091774 seconds
  Import took 0.107032 seconds .

========================================================================
Received Import Request.
  Time since last request: 1140.564522 seconds.
  path: Assets/Scripts/Tank/TankMovement.cs
  artifactKey: Guid(29af3199e11b72e47b41ff380db540fd) Importer(815301076,1909f56bfc062723c751e8b465ee728b)
Start importing Assets/Scripts/Tank/TankMovement.cs using Guid(29af3199e11b72e47b41ff380db540fd) Importer(815301076,1909f56bfc062723c751e8b465ee728b)  -> (artifact id: '241554ad6d7543cc05d4c72518e37f68') in 0.187198 seconds
  Import took 0.627571 seconds .

========================================================================
Received Import Request.
  Time since last request: 177.159641 seconds.
  path: Assets/Scripts/Tank/TankMovement.cs
  artifactKey: Guid(29af3199e11b72e47b41ff380db540fd) Importer(815301076,1909f56bfc062723c751e8b465ee728b)
Start importing Assets/Scripts/Tank/TankMovement.cs using Guid(29af3199e11b72e47b41ff380db540fd) Importer(815301076,1909f56bfc062723c751e8b465ee728b)  -> (artifact id: '3b49e075430a5d269f29947b2d8dde0d') in 0.088961 seconds
  Import took 0.110286 seconds .

========================================================================
Received Import Request.
  Time since last request: 69.883139 seconds.
  path: Assets/Scripts/Tank/TankMovement.cs
  artifactKey: Guid(29af3199e11b72e47b41ff380db540fd) Importer(815301076,1909f56bfc062723c751e8b465ee728b)
Start importing Assets/Scripts/Tank/TankMovement.cs using Guid(29af3199e11b72e47b41ff380db540fd) Importer(815301076,1909f56bfc062723c751e8b465ee728b)  -> (artifact id: 'da54738f1a08c7a5f325409c618ee6b8') in 0.043008 seconds
  Import took 0.072757 seconds .

========================================================================
Received Prepare
Registering precompiled user dll's ...
Registered in 0.093155 seconds.
Begin MonoManager ReloadAssembly
Native extension for WindowsStandalone target not found
Native extension for WebGL target not found
Refreshing native plugins compatible for Editor in 1.05 ms, found 0 plugins.
Preloading 0 native plugins for Editor in 0.00 ms.
Mono: successfully reloaded assembly
- Completed reload, in  4.924 seconds
Platform modules already initialized, skipping
Refreshing native plugins compatible for Editor in 0.93 ms, found 0 plugins.
Preloading 0 native plugins for Editor in 0.00 ms.
Unloading 1830 Unused Serialized files (Serialized files now loaded: 0)
System memory in use before: 83.4 MB.
System memory in use after: 83.5 MB.

Unloading 40 unused Assets to reduce memory usage. Loaded Objects now: 2301.
Total: 20.672300 ms (FindLiveObjects: 0.805600 ms CreateObjectMapping: 0.209500 ms MarkObjects: 19.577500 ms  DeleteObjects: 0.075800 ms)

========================================================================
Received Import Request.
  Time since last request: 58.773688 seconds.
  path: Assets/AudioClips
  artifactKey: Guid(0df7b64f0e702f14897580a356feae92) Importer(815301076,1909f56bfc062723c751e8b465ee728b)
Start importing Assets/AudioClips using Guid(0df7b64f0e702f14897580a356feae92) Importer(815301076,1909f56bfc062723c751e8b465ee728b)  -> (artifact id: 'ab7e2ea8d7ddf64aedd0c99b343858c9') in 0.048515 seconds
  Import took 0.063659 seconds .

========================================================================
Received Import Request.
  Time since last request: 0.000588 seconds.
  path: Assets/AudioClips/ShotFiring.wav
  artifactKey: Guid(672a9941361ad494a99fba36759eca80) Importer(815301076,1909f56bfc062723c751e8b465ee728b)
Start importing Assets/AudioClips/ShotFiring.wav using Guid(672a9941361ad494a99fba36759eca80) Importer(815301076,1909f56bfc062723c751e8b465ee728b)  -> (artifact id: '169a4b0405e38264f8fb5bcc5dbdc1ea') in 0.483113 seconds
  Import took 0.490890 seconds .

========================================================================
Received Import Request.
  Time since last request: 0.003178 seconds.
  path: Assets/AudioClips/EngineIdle.aif
  artifactKey: Guid(4932ab25b84dd7649b80af68a9660ddc) Importer(815301076,1909f56bfc062723c751e8b465ee728b)
Start importing Assets/AudioClips/EngineIdle.aif using Guid(4932ab25b84dd7649b80af68a9660ddc) Importer(815301076,1909f56bfc062723c751e8b465ee728b)  -> (artifact id: 'fa86f87cb2f1896ecee677e349372264') in 0.223483 seconds
  Import took 0.237482 seconds .

========================================================================
Received Import Request.
  Time since last request: 0.000524 seconds.
  path: Assets/AudioClips/ShellExplosion.wav
  artifactKey: Guid(3a77defcde1caaa40b6f7502547e0c4e) Importer(815301076,1909f56bfc062723c751e8b465ee728b)
Start importing Assets/AudioClips/ShellExplosion.wav using Guid(3a77defcde1caaa40b6f7502547e0c4e) Importer(815301076,1909f56bfc062723c751e8b465ee728b)  -> (artifact id: 'ce21ee4c272ccafaf060ef98971a55fe') in 0.100157 seconds
  Import took 0.116017 seconds .

========================================================================
Received Import Request.
  Time since last request: 0.001671 seconds.
  path: Assets/AudioClips/TankExplosion.wav
  artifactKey: Guid(5c27182a28a7eb942a362e6d198fe0e6) Importer(815301076,1909f56bfc062723c751e8b465ee728b)
Start importing Assets/AudioClips/TankExplosion.wav using Guid(5c27182a28a7eb942a362e6d198fe0e6) Importer(815301076,1909f56bfc062723c751e8b465ee728b)  -> (artifact id: '8750e420185b832b9102d40e33f6dd98') in 0.143104 seconds
  Import took 0.151780 seconds .

========================================================================
Received Import Request.
  Time since last request: 0.000518 seconds.
  path: Assets/AudioClips/BackgroundMusic.wav
  artifactKey: Guid(8ce5d020a687c314891341b4126d1de2) Importer(815301076,1909f56bfc062723c751e8b465ee728b)
Start importing Assets/AudioClips/BackgroundMusic.wav using Guid(8ce5d020a687c314891341b4126d1de2) Importer(815301076,1909f56bfc062723c751e8b465ee728b)  -> (artifact id: 'e9d4aa4eb9a857efbe5923e4c3e9984e') in 0.183318 seconds
  Import took 0.207667 seconds .

========================================================================
Received Import Request.
  Time since last request: 0.002079 seconds.
  path: Assets/AudioClips/EngineDriving.aif
  artifactKey: Guid(d7ca9fb5aa30155449192b23d7fb3336) Importer(815301076,1909f56bfc062723c751e8b465ee728b)
Start importing Assets/AudioClips/EngineDriving.aif using Guid(d7ca9fb5aa30155449192b23d7fb3336) Importer(815301076,1909f56bfc062723c751e8b465ee728b)  -> (artifact id: '8f319497b4e253ce6e9b42980b8cd35f') in 0.155160 seconds
  Import took 0.188796 seconds .

========================================================================
Received Import Request.
  Time since last request: 0.001075 seconds.
  path: Assets/AudioClips/ShotCharging.wav
  artifactKey: Guid(c17f124fcdc0f5446a72f793898bd74b) Importer(815301076,1909f56bfc062723c751e8b465ee728b)
Start importing Assets/AudioClips/ShotCharging.wav using Guid(c17f124fcdc0f5446a72f793898bd74b) Importer(815301076,1909f56bfc062723c751e8b465ee728b)  -> (artifact id: '3dabd4d99a4c18b6624f563ea6963ff1') in 0.205582 seconds
  Import took 0.225422 seconds .

========================================================================
Received Prepare
Registering precompiled user dll's ...
Registered in 0.269805 seconds.
Begin MonoManager ReloadAssembly
Native extension for WindowsStandalone target not found
Native extension for WebGL target not found
Refreshing native plugins compatible for Editor in 2.57 ms, found 0 plugins.
Preloading 0 native plugins for Editor in 0.01 ms.
Mono: successfully reloaded assembly
- Completed reload, in  6.794 seconds
Platform modules already initialized, skipping
Refreshing native plugins compatible for Editor in 8.00 ms, found 0 plugins.
Preloading 0 native plugins for Editor in 0.00 ms.
Unloading 1830 Unused Serialized files (Serialized files now loaded: 0)
System memory in use before: 86.6 MB.
System memory in use after: 86.7 MB.

Unloading 40 unused Assets to reduce memory usage. Loaded Objects now: 2313.
Total: 17.066400 ms (FindLiveObjects: 0.555600 ms CreateObjectMapping: 0.205100 ms MarkObjects: 16.256500 ms  DeleteObjects: 0.046300 ms)

========================================================================
Received Prepare
Registering precompiled user dll's ...
Registered in 0.040494 seconds.
Begin MonoManager ReloadAssembly
Native extension for WindowsStandalone target not found
Native extension for WebGL target not found
Refreshing native plugins compatible for Editor in 3.51 ms, found 0 plugins.
Preloading 0 native plugins for Editor in 0.00 ms.
Mono: successfully reloaded assembly
- Completed reload, in  5.446 seconds
Platform modules already initialized, skipping
Refreshing native plugins compatible for Editor in 1.64 ms, found 0 plugins.
Preloading 0 native plugins for Editor in 0.00 ms.
Unloading 1830 Unused Serialized files (Serialized files now loaded: 0)
System memory in use before: 86.6 MB.
System memory in use after: 86.7 MB.

Unloading 40 unused Assets to reduce memory usage. Loaded Objects now: 2316.
Total: 7.751000 ms (FindLiveObjects: 0.272400 ms CreateObjectMapping: 0.121900 ms MarkObjects: 7.310800 ms  DeleteObjects: 0.043300 ms)

========================================================================
Received Import Request.
  Time since last request: 1875.042254 seconds.
  path: Assets/Scripts/Camera
  artifactKey: Guid(7a43051ea413c884fb05edbbb60d7cc3) Importer(815301076,1909f56bfc062723c751e8b465ee728b)
Start importing Assets/Scripts/Camera using Guid(7a43051ea413c884fb05edbbb60d7cc3) Importer(815301076,1909f56bfc062723c751e8b465ee728b)  -> (artifact id: 'ac06b8c23d10e2d1605eab967327f7af') in 0.034031 seconds
  Import took 0.046565 seconds .

========================================================================
Received Import Request.
  Time since last request: 0.925849 seconds.
  path: Assets/Scripts/Camera/CameraControl.cs
  artifactKey: Guid(c54e3c1f18f8cbb49b10f5e2dc8a1865) Importer(815301076,1909f56bfc062723c751e8b465ee728b)
Start importing Assets/Scripts/Camera/CameraControl.cs using Guid(c54e3c1f18f8cbb49b10f5e2dc8a1865) Importer(815301076,1909f56bfc062723c751e8b465ee728b)  -> (artifact id: '76a6731873ad5066dec51df7a82ac03f') in 0.017559 seconds
  Import took 0.031208 seconds .

========================================================================
Received Prepare
Registering precompiled user dll's ...
Registered in 0.070318 seconds.
Begin MonoManager ReloadAssembly
Native extension for WindowsStandalone target not found
Native extension for WebGL target not found
Refreshing native plugins compatible for Editor in 1.17 ms, found 0 plugins.
Preloading 0 native plugins for Editor in 0.00 ms.
Mono: successfully reloaded assembly
- Completed reload, in  4.479 seconds
Platform modules already initialized, skipping
Refreshing native plugins compatible for Editor in 3.67 ms, found 0 plugins.
Preloading 0 native plugins for Editor in 0.00 ms.
Unloading 1830 Unused Serialized files (Serialized files now loaded: 0)
System memory in use before: 86.6 MB.
System memory in use after: 86.7 MB.

Unloading 40 unused Assets to reduce memory usage. Loaded Objects now: 2319.
Total: 18.943000 ms (FindLiveObjects: 2.140500 ms CreateObjectMapping: 0.310900 ms MarkObjects: 16.409900 ms  DeleteObjects: 0.075800 ms)

========================================================================
Received Prepare
Registering precompiled user dll's ...
Registered in 0.029397 seconds.
Begin MonoManager ReloadAssembly
Native extension for WindowsStandalone target not found
Native extension for WebGL target not found
Refreshing native plugins compatible for Editor in 1.54 ms, found 0 plugins.
Preloading 0 native plugins for Editor in 0.00 ms.
Mono: successfully reloaded assembly
- Completed reload, in  3.081 seconds
Platform modules already initialized, skipping
Refreshing native plugins compatible for Editor in 0.83 ms, found 0 plugins.
Preloading 0 native plugins for Editor in 0.00 ms.
Unloading 1830 Unused Serialized files (Serialized files now loaded: 0)
System memory in use before: 86.6 MB.
System memory in use after: 86.7 MB.

Unloading 40 unused Assets to reduce memory usage. Loaded Objects now: 2322.
Total: 7.967000 ms (FindLiveObjects: 0.244500 ms CreateObjectMapping: 0.093600 ms MarkObjects: 7.588500 ms  DeleteObjects: 0.038700 ms)

========================================================================
Received Prepare
Registering precompiled user dll's ...
Registered in 0.049111 seconds.
Begin MonoManager ReloadAssembly
Native extension for WindowsStandalone target not found
Native extension for WebGL target not found
Refreshing native plugins compatible for Editor in 1.77 ms, found 0 plugins.
Preloading 0 native plugins for Editor in 0.00 ms.
Mono: successfully reloaded assembly
- Completed reload, in  5.786 seconds
Platform modules already initialized, skipping
Refreshing native plugins compatible for Editor in 2.69 ms, found 0 plugins.
Preloading 0 native plugins for Editor in 0.00 ms.
Unloading 1830 Unused Serialized files (Serialized files now loaded: 0)
System memory in use before: 86.6 MB.
System memory in use after: 86.7 MB.

Unloading 40 unused Assets to reduce memory usage. Loaded Objects now: 2325.
Total: 26.322900 ms (FindLiveObjects: 0.780300 ms CreateObjectMapping: 0.355800 ms MarkObjects: 24.686700 ms  DeleteObjects: 0.494400 ms)

========================================================================
Received Prepare
Registering precompiled user dll's ...
Registered in 0.170732 seconds.
Begin MonoManager ReloadAssembly
Native extension for WindowsStandalone target not found
Native extension for WebGL target not found
Refreshing native plugins compatible for Editor in 3.15 ms, found 0 plugins.
Preloading 0 native plugins for Editor in 0.00 ms.
Mono: successfully reloaded assembly
- Completed reload, in  4.914 seconds
Platform modules already initialized, skipping
Refreshing native plugins compatible for Editor in 1.04 ms, found 0 plugins.
Preloading 0 native plugins for Editor in 0.00 ms.
Unloading 1830 Unused Serialized files (Serialized files now loaded: 0)
System memory in use before: 86.6 MB.
System memory in use after: 86.7 MB.

Unloading 40 unused Assets to reduce memory usage. Loaded Objects now: 2328.
Total: 14.817600 ms (FindLiveObjects: 0.546700 ms CreateObjectMapping: 0.144200 ms MarkObjects: 14.055300 ms  DeleteObjects: 0.067800 ms)

========================================================================
Received Import Request.
  Time since last request: 34679.891613 seconds.
  path: Assets/Scripts/UI
  artifactKey: Guid(22c7d7ea0e44ffc46936169d62a32f92) Importer(815301076,1909f56bfc062723c751e8b465ee728b)
Start importing Assets/Scripts/UI using Guid(22c7d7ea0e44ffc46936169d62a32f92) Importer(815301076,1909f56bfc062723c751e8b465ee728b)  -> (artifact id: 'c22ea307343d2a8b897589d6c7bea0bf') in 0.258392 seconds
  Import took 0.474680 seconds .

========================================================================
Received Import Request.
  Time since last request: 227.837350 seconds.
  path: Assets/Scripts/Tank/TankHealth.cs
  artifactKey: Guid(8326b9dca06e5bc4885942c9371f51f1) Importer(815301076,1909f56bfc062723c751e8b465ee728b)
Start importing Assets/Scripts/Tank/TankHealth.cs using Guid(8326b9dca06e5bc4885942c9371f51f1) Importer(815301076,1909f56bfc062723c751e8b465ee728b)  -> (artifact id: '751531f377cf046e17335e995bac772d') in 0.047510 seconds
  Import took 0.057282 seconds .

========================================================================
Received Import Request.
  Time since last request: 19.697394 seconds.
  path: Assets/Scripts/UI/UIDirectionControl.cs
  artifactKey: Guid(88aed18ae5498b84bb8411ee4db7802f) Importer(815301076,1909f56bfc062723c751e8b465ee728b)
Start importing Assets/Scripts/UI/UIDirectionControl.cs using Guid(88aed18ae5498b84bb8411ee4db7802f) Importer(815301076,1909f56bfc062723c751e8b465ee728b)  -> (artifact id: 'be98677bdbb18c1f5b39b4bdcc167126') in 0.029456 seconds
  Import took 0.043738 seconds .

========================================================================
Received Import Request.
  Time since last request: 483.254245 seconds.
  path: Assets/Prefabs/TankExplosion.prefab
  artifactKey: Guid(ee49a9a8678ecf8468eb488e1ac8d42b) Importer(815301076,1909f56bfc062723c751e8b465ee728b)
Start importing Assets/Prefabs/TankExplosion.prefab using Guid(ee49a9a8678ecf8468eb488e1ac8d42b) Importer(815301076,1909f56bfc062723c751e8b465ee728b)  -> (artifact id: 'ba040b1ae0f7eceab83c725499b7aec5') in 0.951024 seconds
  Import took 0.975924 seconds .

========================================================================
Received Prepare
Registering precompiled user dll's ...
Registered in 0.049883 seconds.
Begin MonoManager ReloadAssembly
Native extension for WindowsStandalone target not found
Native extension for WebGL target not found
Refreshing native plugins compatible for Editor in 1.69 ms, found 0 plugins.
Preloading 0 native plugins for Editor in 0.00 ms.
Mono: successfully reloaded assembly
- Completed reload, in  4.681 seconds
Platform modules already initialized, skipping
Refreshing native plugins compatible for Editor in 1.00 ms, found 0 plugins.
Preloading 0 native plugins for Editor in 0.00 ms.
Unloading 1830 Unused Serialized files (Serialized files now loaded: 0)
System memory in use before: 86.6 MB.
System memory in use after: 86.8 MB.

Unloading 40 unused Assets to reduce memory usage. Loaded Objects now: 2331.
Total: 62.926300 ms (FindLiveObjects: 4.339800 ms CreateObjectMapping: 3.998100 ms MarkObjects: 54.497200 ms  DeleteObjects: 0.086900 ms)

========================================================================
Received Prepare
Registering precompiled user dll's ...
Registered in 0.030997 seconds.
Begin MonoManager ReloadAssembly
Native extension for WindowsStandalone target not found
Native extension for WebGL target not found
Refreshing native plugins compatible for Editor in 0.94 ms, found 0 plugins.
Preloading 0 native plugins for Editor in 0.00 ms.
Mono: successfully reloaded assembly
- Completed reload, in  2.783 seconds
Platform modules already initialized, skipping
Refreshing native plugins compatible for Editor in 0.79 ms, found 0 plugins.
Preloading 0 native plugins for Editor in 0.00 ms.
Unloading 1830 Unused Serialized files (Serialized files now loaded: 0)
System memory in use before: 86.6 MB.
System memory in use after: 86.8 MB.

Unloading 40 unused Assets to reduce memory usage. Loaded Objects now: 2334.
Total: 8.200600 ms (FindLiveObjects: 0.258300 ms CreateObjectMapping: 0.095300 ms MarkObjects: 7.802900 ms  DeleteObjects: 0.042300 ms)

AssetImportWorkerClient::OnTransportError - code=2 error=End of file
